This is pdfTeX, Version 3.141592653-2.6-1.40.22 (TeX Live 2022/dev/Debian) (preloaded format=pdflatex 2022.12.9)  11 JUN 2023 07:53
entering extended mode
 restricted \write18 enabled.
 %&-line parsing enabled.
**Sikidy.tex
(./Sikidy.tex
LaTeX2e <2021-11-15> patch level 1
L3 programming layer <2022-01-21>
(/usr/share/texlive/texmf-dist/tex/latex/base/report.cls
Document Class: report 2021/10/04 v1.4n Standard LaTeX document class
(/usr/share/texlive/texmf-dist/tex/latex/base/size12.clo
File: size12.clo 2021/10/04 v1.4n Standard LaTeX file (size option)
)
\c@part=\count185
\c@chapter=\count186
\c@section=\count187
\c@subsection=\count188
\c@subsubsection=\count189
\c@paragraph=\count190
\c@subparagraph=\count191
\c@figure=\count192
\c@table=\count193
\abovecaptionskip=\skip47
\belowcaptionskip=\skip48
\bibindent=\dimen138
)
(/usr/share/texlive/texmf-dist/tex/latex/base/inputenc.sty
Package: inputenc 2021/02/14 v1.3d Input encoding file
\inpenc@prehook=\toks16
\inpenc@posthook=\toks17
)
(/usr/share/texlive/texmf-dist/tex/generic/babel/babel.sty
Package: babel 2022/01/26 3.70 The Babel package
\babel@savecnt=\count194
\U@D=\dimen139
\l@unhyphenated=\language87

(/usr/share/texlive/texmf-dist/tex/generic/babel/txtbabel.def)
\bbl@readstream=\read2
\bbl@dirlevel=\count195

(/usr/share/texlive/texmf-dist/tex/generic/babel-french/french.ldf
Language: french 2021/07/20 v3.5m French support from the babel system
Package babel Info: Hyphen rules for 'acadian' set to \l@french
(babel)             (\language40). Reported on input line 91.
Package babel Info: Hyphen rules for 'canadien' set to \l@french
(babel)             (\language40). Reported on input line 92.
\FB@nonchar=\count196
Package babel Info: Making : an active character on input line 430.
Package babel Info: Making ; an active character on input line 431.
Package babel Info: Making ! an active character on input line 432.
Package babel Info: Making ? an active character on input line 433.
\FBguill@level=\count197
\FBold@everypar=\toks18
\FB@Mht=\dimen140
\mc@charclass=\count198
\mc@charfam=\count199
\mc@charslot=\count266
\std@mcc=\count267
\dec@mcc=\count268
\listindentFB=\dimen141
\descindentFB=\dimen142
\labelindentFB=\dimen143
\labelwidthFB=\dimen144
\leftmarginFB=\dimen145
\parindentFFN=\dimen146
\FBfnindent=\dimen147
))
(/usr/share/texlive/texmf-dist/tex/latex/carlisle/scalefnt.sty)
(/usr/share/texlive/texmf-dist/tex/latex/graphics/keyval.sty
Package: keyval 2014/10/28 v1.15 key=value parser (DPC)
\KV@toks@=\toks19
)
(/usr/share/texlive/texmf-dist/tex/latex/base/fontenc.sty
Package: fontenc 2021/04/29 v2.0v Standard LaTeX package
)
(/usr/share/texlive/texmf-dist/tex/latex/geometry/geometry.sty
Package: geometry 2020/01/02 v5.9 Page Geometry

(/usr/share/texlive/texmf-dist/tex/generic/iftex/ifvtex.sty
Package: ifvtex 2019/10/25 v1.7 ifvtex legacy package. Use iftex instead.

(/usr/share/texlive/texmf-dist/tex/generic/iftex/iftex.sty
Package: iftex 2020/03/06 v1.0d TeX engine tests
))
\Gm@cnth=\count269
\Gm@cntv=\count270
\c@Gm@tempcnt=\count271
\Gm@bindingoffset=\dimen148
\Gm@wd@mp=\dimen149
\Gm@odd@mp=\dimen150
\Gm@even@mp=\dimen151
\Gm@layoutwidth=\dimen152
\Gm@layoutheight=\dimen153
\Gm@layouthoffset=\dimen154
\Gm@layoutvoffset=\dimen155
\Gm@dimlist=\toks20
)
(/usr/share/texlive/texmf-dist/tex/latex/amsmath/amsmath.sty
Package: amsmath 2021/10/15 v2.17l AMS math features
\@mathmargin=\skip49

For additional information on amsmath, use the `?' option.
(/usr/share/texlive/texmf-dist/tex/latex/amsmath/amstext.sty
Package: amstext 2021/08/26 v2.01 AMS text

(/usr/share/texlive/texmf-dist/tex/latex/amsmath/amsgen.sty
File: amsgen.sty 1999/11/30 v2.0 generic functions
\@emptytoks=\toks21
\ex@=\dimen156
))
(/usr/share/texlive/texmf-dist/tex/latex/amsmath/amsbsy.sty
Package: amsbsy 1999/11/29 v1.2d Bold Symbols
\pmbraise@=\dimen157
)
(/usr/share/texlive/texmf-dist/tex/latex/amsmath/amsopn.sty
Package: amsopn 2021/08/26 v2.02 operator names
)
\inf@bad=\count272
LaTeX Info: Redefining \frac on input line 234.
\uproot@=\count273
\leftroot@=\count274
LaTeX Info: Redefining \overline on input line 399.
\classnum@=\count275
\DOTSCASE@=\count276
LaTeX Info: Redefining \ldots on input line 496.
LaTeX Info: Redefining \dots on input line 499.
LaTeX Info: Redefining \cdots on input line 620.
\Mathstrutbox@=\box50
\strutbox@=\box51
\big@size=\dimen158
LaTeX Font Info:    Redeclaring font encoding OML on input line 743.
LaTeX Font Info:    Redeclaring font encoding OMS on input line 744.
\macc@depth=\count277
\c@MaxMatrixCols=\count278
\dotsspace@=\muskip16
\c@parentequation=\count279
\dspbrk@lvl=\count280
\tag@help=\toks22
\row@=\count281
\column@=\count282
\maxfields@=\count283
\andhelp@=\toks23
\eqnshift@=\dimen159
\alignsep@=\dimen160
\tagshift@=\dimen161
\tagwidth@=\dimen162
\totwidth@=\dimen163
\lineht@=\dimen164
\@envbody=\toks24
\multlinegap=\skip50
\multlinetaggap=\skip51
\mathdisplay@stack=\toks25
LaTeX Info: Redefining \[ on input line 2938.
LaTeX Info: Redefining \] on input line 2939.
)
(/usr/share/texlive/texmf-dist/tex/latex/l3backend/l3backend-pdftex.def
File: l3backend-pdftex.def 2022-01-12 L3 backend support: PDF output (pdfTeX)
\l__color_backend_stack_int=\count284
\l__pdf_internal_box=\box52
)
(./Sikidy.aux)
\openout1 = `Sikidy.aux'.

LaTeX Font Info:    Checking defaults for OML/cmm/m/it on input line 10.
LaTeX Font Info:    ... okay on input line 10.
LaTeX Font Info:    Checking defaults for OMS/cmsy/m/n on input line 10.
LaTeX Font Info:    ... okay on input line 10.
LaTeX Font Info:    Checking defaults for OT1/cmr/m/n on input line 10.
LaTeX Font Info:    ... okay on input line 10.
LaTeX Font Info:    Checking defaults for T1/cmr/m/n on input line 10.
LaTeX Font Info:    ... okay on input line 10.
LaTeX Font Info:    Checking defaults for TS1/cmr/m/n on input line 10.
LaTeX Font Info:    ... okay on input line 10.
LaTeX Font Info:    Checking defaults for OMX/cmex/m/n on input line 10.
LaTeX Font Info:    ... okay on input line 10.
LaTeX Font Info:    Checking defaults for U/cmr/m/n on input line 10.
LaTeX Font Info:    ... okay on input line 10.
LaTeX Info: Redefining \degres on input line 10.
LaTeX Info: Redefining \up on input line 10.

*geometry* driver: auto-detecting
*geometry* detected driver: pdftex
*geometry* verbose mode - [ preamble ] result:
* driver: pdftex
* paper: <default>
* layout: <same size as paper>
* layoutoffset:(h,v)=(0.0pt,0.0pt)
* modes: 
* h-part:(L,W,R)=(56.9055pt, 500.484pt, 56.9055pt)
* v-part:(T,H,B)=(28.45274pt, 709.61174pt, 56.9055pt)
* \paperwidth=614.295pt
* \paperheight=794.96999pt
* \textwidth=500.484pt
* \textheight=709.61174pt
* \oddsidemargin=-15.36449pt
* \evensidemargin=-15.36449pt
* \topmargin=-80.81725pt
* \headheight=12.0pt
* \headsep=25.0pt
* \topskip=12.0pt
* \footskip=30.0pt
* \marginparwidth=44.0pt
* \marginparsep=10.0pt
* \columnsep=10.0pt
* \skip\footins=10.8pt plus 4.0pt minus 2.0pt
* \hoffset=0.0pt
* \voffset=0.0pt
* \mag=1000
* \@twocolumnfalse
* \@twosidefalse
* \@mparswitchfalse
* \@reversemarginfalse
* (1in=72.27pt=25.4mm, 1cm=28.453pt)

[1

{/var/lib/texmf/fonts/map/pdftex/updmap/pdftex.map}]
Underfull \hbox (badness 10000) in paragraph at lines 14--15

 []


Underfull \hbox (badness 10000) in paragraph at lines 43--171

 []


Underfull \hbox (badness 10000) in paragraph at lines 43--171

 []


Underfull \hbox (badness 10000) in paragraph at lines 43--171

 []


Underfull \hbox (badness 10000) in paragraph at lines 43--171

 []


Underfull \hbox (badness 10000) in paragraph at lines 43--171

 []


Underfull \hbox (badness 10000) in paragraph at lines 43--171

 []


Underfull \hbox (badness 10000) in paragraph at lines 43--171

 []


Underfull \hbox (badness 10000) in paragraph at lines 43--171

 []


Underfull \hbox (badness 10000) in paragraph at lines 43--171

 []


Underfull \hbox (badness 10000) in paragraph at lines 43--171

 []


Underfull \hbox (badness 10000) in paragraph at lines 43--171

 []


Underfull \hbox (badness 10000) in paragraph at lines 43--171

 []


Underfull \hbox (badness 10000) in paragraph at lines 43--171

 []


Underfull \hbox (badness 10000) in paragraph at lines 43--171

 []


Underfull \hbox (badness 10000) in paragraph at lines 43--171

 []


Underfull \hbox (badness 10000) in paragraph at lines 43--171

 []


Underfull \hbox (badness 10000) in paragraph at lines 43--171

 []


Underfull \hbox (badness 10000) in paragraph at lines 43--171

 []


Underfull \hbox (badness 10000) in paragraph at lines 43--171

 []


Underfull \hbox (badness 10000) in paragraph at lines 43--171

 []


Underfull \hbox (badness 10000) in paragraph at lines 43--171

 []


Underfull \hbox (badness 10000) in paragraph at lines 43--171

 []


Underfull \hbox (badness 10000) in paragraph at lines 43--171

 []


Underfull \hbox (badness 10000) in paragraph at lines 43--171

 []


Underfull \hbox (badness 10000) in paragraph at lines 43--171

 []


Underfull \hbox (badness 10000) in paragraph at lines 43--171

 []


Underfull \hbox (badness 10000) in paragraph at lines 43--171

 []


Underfull \hbox (badness 10000) in paragraph at lines 43--171

 []


Underfull \hbox (badness 10000) in paragraph at lines 43--171

 []


Underfull \hbox (badness 10000) in paragraph at lines 43--171

 []


Underfull \hbox (badness 10000) in paragraph at lines 43--171

 []


Underfull \hbox (badness 10000) in paragraph at lines 43--171

 []


Underfull \hbox (badness 10000) in paragraph at lines 43--171

 []

[1] [2] [3]
Underfull \hbox (badness 10000) in paragraph at lines 241--250

 []


Underfull \hbox (badness 10000) in paragraph at lines 251--252

 []


Underfull \hbox (badness 10000) in paragraph at lines 253--261

 []


Underfull \hbox (badness 10000) in paragraph at lines 262--271

 []


Underfull \hbox (badness 10000) in paragraph at lines 272--273

 []


Underfull \hbox (badness 10000) in paragraph at lines 274--282

 []


Underfull \hbox (badness 10000) in paragraph at lines 283--293

 []

[4]
Underfull \hbox (badness 10000) in paragraph at lines 294--298

 []


Underfull \hbox (badness 10000) in paragraph at lines 299--303

 []


Underfull \hbox (badness 10000) in paragraph at lines 304--308

 []

[5]
Underfull \hbox (badness 10000) in paragraph at lines 419--446

 []


Underfull \hbox (badness 10000) in paragraph at lines 419--446

 []


Underfull \hbox (badness 10000) in paragraph at lines 419--446

 []


Underfull \hbox (badness 10000) in paragraph at lines 419--446

 []

[6]
Underfull \hbox (badness 10000) in paragraph at lines 447--454

 []


Underfull \hbox (badness 10000) in paragraph at lines 457--465

 []


Underfull \hbox (badness 10000) in paragraph at lines 457--465

 []


Underfull \hbox (badness 10000) in paragraph at lines 457--465

 []


Overfull \hbox (1.96661pt too wide) in paragraph at lines 470--496
[]\T1/cmr/m/n/12 Si la fi-gure
 []

[7] [8] (./Sikidy.aux) ) 
Here is how much of TeX's memory you used:
 3707 strings out of 478287
 57817 string characters out of 5849289
 384310 words of memory out of 5000000
 21912 multiletter control sequences out of 15000+600000
 480816 words of font info for 54 fonts, out of 8000000 for 9000
 1141 hyphenation exceptions out of 8191
 55i,8n,62p,767b,426s stack positions out of 5000i,500n,10000p,200000b,80000s
{/usr/share/texmf/fonts/enc/dvips/cm-super/cm-super-t1.
enc}</usr/share/texlive/texmf-dist/fonts/type1/public/amsfonts/cm/cmex10.pfb></
usr/share/texlive/texmf-dist/fonts/type1/public/amsfonts/cm/cmmi12.pfb></usr/sh
are/texlive/texmf-dist/fonts/type1/public/amsfonts/cm/cmr12.pfb></usr/share/tex
live/texmf-dist/fonts/type1/public/amsfonts/cm/cmr8.pfb></usr/share/texlive/tex
mf-dist/fonts/type1/public/amsfonts/cm/cmsy10.pfb></usr/share/texmf/fonts/type1
/public/cm-super/sfbi1200.pfb></usr/share/texmf/fonts/type1/public/cm-super/sfb
x1200.pfb></usr/share/texmf/fonts/type1/public/cm-super/sfbx1440.pfb></usr/shar
e/texmf/fonts/type1/public/cm-super/sfbx1728.pfb></usr/share/texmf/fonts/type1/
public/cm-super/sfrm1200.pfb></usr/share/texmf/fonts/type1/public/cm-super/sfrm
1440.pfb></usr/share/texmf/fonts/type1/public/cm-super/sfrm2074.pfb></usr/share
/texmf/fonts/type1/public/cm-super/sfti1200.pfb>
Output written on Sikidy.pdf (9 pages, 214900 bytes).
PDF statistics:
 100 PDF objects out of 1000 (max. 8388607)
 62 compressed objects within 1 object stream
 0 named destinations out of 1000 (max. 500000)
 1 words of extra memory for PDF output out of 10000 (max. 10000000)

